{"/Users/macbook/Projects/Web/example-api/src/index.ts": {"path":"/Users/macbook/Projects/Web/example-api/src/index.ts","statementMap":{"0":{"start":{"line":1,"column":0},"end":{"line":1,"column":28}},"1":{"start":{"line":2,"column":0},"end":{"line":2,"column":32}},"2":{"start":{"line":3,"column":0},"end":{"line":3,"column":29}},"3":{"start":{"line":5,"column":14},"end":{"line":5,"column":48}},"4":{"start":{"line":8,"column":0},"end":{"line":8,"column":32}},"5":{"start":{"line":11,"column":17},"end":{"line":11,"column":56}},"6":{"start":{"line":12,"column":12},"end":{"line":12,"column":34}},"7":{"start":{"line":85,"column":9},"end":{"line":85,"column":12}},"8":{"start":{"line":13,"column":0},"end":{"line":13,"column":26}},"9":{"start":{"line":14,"column":19},"end":{"line":14,"column":41}},"10":{"start":{"line":17,"column":0},"end":{"line":20,"column":3}},"11":{"start":{"line":18,"column":2},"end":{"line":18,"column":103}},"12":{"start":{"line":19,"column":2},"end":{"line":19,"column":42}},"13":{"start":{"line":23,"column":0},"end":{"line":23,"column":32}},"14":{"start":{"line":26,"column":0},"end":{"line":26,"column":40}},"15":{"start":{"line":32,"column":15},"end":{"line":32,"column":32}},"16":{"start":{"line":34,"column":2},"end":{"line":37,"column":3}},"17":{"start":{"line":36,"column":4},"end":{"line":36,"column":15}},"18":{"start":{"line":39,"column":2},"end":{"line":42,"column":3}},"19":{"start":{"line":41,"column":4},"end":{"line":41,"column":16}},"20":{"start":{"line":44,"column":2},"end":{"line":44,"column":15}},"21":{"start":{"line":51,"column":2},"end":{"line":53,"column":3}},"22":{"start":{"line":52,"column":4},"end":{"line":52,"column":16}},"23":{"start":{"line":55,"column":15},"end":{"line":57,"column":24}},"24":{"start":{"line":60,"column":2},"end":{"line":71,"column":3}},"25":{"start":{"line":62,"column":6},"end":{"line":62,"column":60}},"26":{"start":{"line":63,"column":6},"end":{"line":63,"column":22}},"27":{"start":{"line":64,"column":6},"end":{"line":64,"column":12}},"28":{"start":{"line":66,"column":6},"end":{"line":66,"column":49}},"29":{"start":{"line":67,"column":6},"end":{"line":67,"column":22}},"30":{"start":{"line":68,"column":6},"end":{"line":68,"column":12}},"31":{"start":{"line":70,"column":6},"end":{"line":70,"column":18}},"32":{"start":{"line":78,"column":15},"end":{"line":78,"column":35}},"33":{"start":{"line":79,"column":15},"end":{"line":81,"column":25}},"34":{"start":{"line":82,"column":2},"end":{"line":82,"column":32}}},"fnMap":{"0":{"name":"(anonymous_0)","decl":{"start":{"line":17,"column":28},"end":{"line":17,"column":30}},"loc":{"start":{"line":17,"column":33},"end":{"line":20,"column":1}}},"1":{"name":"normalizePort","decl":{"start":{"line":31,"column":0},"end":{"line":31,"column":22}},"loc":{"start":{"line":31,"column":31},"end":{"line":45,"column":1}}},"2":{"name":"onError","decl":{"start":{"line":50,"column":0},"end":{"line":50,"column":16}},"loc":{"start":{"line":50,"column":27},"end":{"line":72,"column":1}}},"3":{"name":"onListening","decl":{"start":{"line":77,"column":0},"end":{"line":null,"column":-1}},"loc":{"start":{"line":77,"column":0},"end":{"line":83,"column":1}}}},"branchMap":{"0":{"loc":{"start":{"line":11,"column":31},"end":{"line":11,"column":47}},"type":"binary-expr","locations":[{"start":{"line":11,"column":31},"end":{"line":11,"column":47}},{"start":{"line":11,"column":51},"end":{"line":11,"column":55}}]},"1":{"loc":{"start":{"line":34,"column":2},"end":{"line":37,"column":3}},"type":"if","locations":[{"start":{"line":34,"column":2},"end":{"line":37,"column":3}},{"start":{"line":34,"column":2},"end":{"line":37,"column":3}}]},"2":{"loc":{"start":{"line":39,"column":2},"end":{"line":42,"column":3}},"type":"if","locations":[{"start":{"line":39,"column":2},"end":{"line":42,"column":3}},{"start":{"line":39,"column":2},"end":{"line":42,"column":3}}]},"3":{"loc":{"start":{"line":51,"column":2},"end":{"line":53,"column":3}},"type":"if","locations":[{"start":{"line":51,"column":2},"end":{"line":53,"column":3}},{"start":{"line":51,"column":2},"end":{"line":53,"column":3}}]},"4":{"loc":{"start":{"line":56,"column":6},"end":{"line":56,"column":24}},"type":"cond-expr","locations":[{"start":{"line":56,"column":6},"end":{"line":56,"column":24}},{"start":{"line":57,"column":6},"end":{"line":57,"column":24}}]},"5":{"loc":{"start":{"line":61,"column":4},"end":{"line":64,"column":12}},"type":"switch","locations":[{"start":{"line":61,"column":4},"end":{"line":64,"column":12}},{"start":{"line":65,"column":4},"end":{"line":68,"column":12}},{"start":{"line":69,"column":4},"end":{"line":70,"column":18}}]},"6":{"loc":{"start":{"line":80,"column":6},"end":{"line":80,"column":20}},"type":"cond-expr","locations":[{"start":{"line":80,"column":6},"end":{"line":80,"column":20}},{"start":{"line":81,"column":6},"end":{"line":81,"column":25}}]}},"s":{"0":1,"1":1,"2":1,"3":1,"4":1,"5":1,"6":1,"7":1,"8":1,"9":1,"10":1,"11":0,"12":0,"13":1,"14":1,"15":1,"16":1,"17":0,"18":1,"19":1,"20":0,"21":0,"22":0,"23":0,"24":0,"25":0,"26":0,"27":0,"28":0,"29":0,"30":0,"31":0,"32":0,"33":0,"34":0},"f":{"0":0,"1":1,"2":0,"3":0},"b":{"0":[1,0],"1":[0,1],"2":[1,0],"3":[0,0],"4":[0,0],"5":[0,0,0],"6":[0,0]}}
,"/Users/macbook/Projects/Web/example-api/src/server.ts": {"path":"/Users/macbook/Projects/Web/example-api/src/server.ts","statementMap":{"0":{"start":{"line":1,"column":0},"end":{"line":1,"column":41}},"1":{"start":{"line":2,"column":0},"end":{"line":2,"column":45}},"2":{"start":{"line":3,"column":0},"end":{"line":3,"column":34}},"3":{"start":{"line":4,"column":0},"end":{"line":4,"column":28}},"4":{"start":{"line":5,"column":0},"end":{"line":5,"column":32}},"5":{"start":{"line":6,"column":0},"end":{"line":6,"column":44}},"6":{"start":{"line":7,"column":0},"end":{"line":7,"column":34}},"7":{"start":{"line":8,"column":0},"end":{"line":8,"column":57}},"8":{"start":{"line":28,"column":4},"end":{"line":28,"column":24}},"9":{"start":{"line":39,"column":4},"end":{"line":39,"column":25}},"10":{"start":{"line":42,"column":4},"end":{"line":42,"column":18}},"11":{"start":{"line":53,"column":4},"end":{"line":53,"column":65}},"12":{"start":{"line":56,"column":4},"end":{"line":56,"column":36}},"13":{"start":{"line":59,"column":4},"end":{"line":61,"column":8}},"14":{"start":{"line":64,"column":4},"end":{"line":64,"column":32}},"15":{"start":{"line":67,"column":4},"end":{"line":67,"column":51}},"16":{"start":{"line":70,"column":4},"end":{"line":70,"column":33}},"17":{"start":{"line":73,"column":4},"end":{"line":73,"column":46}},"18":{"start":{"line":76,"column":4},"end":{"line":79,"column":7}},"19":{"start":{"line":77,"column":6},"end":{"line":77,"column":23}},"20":{"start":{"line":78,"column":6},"end":{"line":78,"column":16}},"21":{"start":{"line":82,"column":4},"end":{"line":97,"column":7}},"22":{"start":{"line":83,"column":6},"end":{"line":83,"column":131}},"23":{"start":{"line":83,"column":117},"end":{"line":83,"column":131}},"24":{"start":{"line":85,"column":6},"end":{"line":96,"column":25}},"25":{"start":{"line":86,"column":8},"end":{"line":86,"column":34}},"26":{"start":{"line":86,"column":17},"end":{"line":86,"column":34}},"27":{"start":{"line":87,"column":8},"end":{"line":93,"column":9}},"28":{"start":{"line":88,"column":10},"end":{"line":92,"column":11}},"29":{"start":{"line":89,"column":12},"end":{"line":89,"column":106}},"30":{"start":{"line":91,"column":12},"end":{"line":91,"column":67}},"31":{"start":{"line":94,"column":8},"end":{"line":94,"column":35}},"32":{"start":{"line":95,"column":8},"end":{"line":95,"column":22}},"33":{"start":{"line":100,"column":4},"end":{"line":100,"column":22}},"34":{"start":{"line":15,"column":0},"end":{"line":103,"column":1}}},"fnMap":{"0":{"name":"(anonymous_0)","decl":{"start":{"line":27,"column":9},"end":{"line":27,"column":14}},"loc":{"start":{"line":27,"column":25},"end":{"line":29,"column":3}}},"1":{"name":"(anonymous_1)","decl":{"start":{"line":37,"column":2},"end":{"line":null,"column":-1}},"loc":{"start":{"line":37,"column":2},"end":{"line":43,"column":3}}},"2":{"name":"(anonymous_2)","decl":{"start":{"line":51,"column":9},"end":{"line":51,"column":14}},"loc":{"start":{"line":51,"column":15},"end":{"line":101,"column":3}}},"3":{"name":"(anonymous_3)","decl":{"start":{"line":76,"column":17},"end":{"line":76,"column":18}},"loc":{"start":{"line":76,"column":103},"end":{"line":79,"column":5}}},"4":{"name":"(anonymous_4)","decl":{"start":{"line":82,"column":46},"end":{"line":82,"column":47}},"loc":{"start":{"line":82,"column":105},"end":{"line":97,"column":5}}},"5":{"name":"(anonymous_5)","decl":{"start":{"line":85,"column":41},"end":{"line":85,"column":42}},"loc":{"start":{"line":85,"column":78},"end":{"line":96,"column":7}}}},"branchMap":{"0":{"loc":{"start":{"line":83,"column":6},"end":{"line":83,"column":131}},"type":"if","locations":[{"start":{"line":83,"column":6},"end":{"line":83,"column":131}},{"start":{"line":83,"column":6},"end":{"line":83,"column":131}}]},"1":{"loc":{"start":{"line":83,"column":10},"end":{"line":83,"column":60}},"type":"binary-expr","locations":[{"start":{"line":83,"column":10},"end":{"line":83,"column":60}},{"start":{"line":83,"column":64},"end":{"line":83,"column":115}}]},"2":{"loc":{"start":{"line":86,"column":8},"end":{"line":86,"column":34}},"type":"if","locations":[{"start":{"line":86,"column":8},"end":{"line":86,"column":34}},{"start":{"line":86,"column":8},"end":{"line":86,"column":34}}]},"3":{"loc":{"start":{"line":87,"column":8},"end":{"line":93,"column":9}},"type":"if","locations":[{"start":{"line":87,"column":8},"end":{"line":93,"column":9}},{"start":{"line":87,"column":8},"end":{"line":93,"column":9}}]},"4":{"loc":{"start":{"line":88,"column":10},"end":{"line":92,"column":11}},"type":"if","locations":[{"start":{"line":88,"column":10},"end":{"line":92,"column":11}},{"start":{"line":88,"column":10},"end":{"line":92,"column":11}}]}},"s":{"0":1,"1":1,"2":1,"3":1,"4":1,"5":1,"6":1,"7":1,"8":1,"9":1,"10":1,"11":1,"12":1,"13":1,"14":1,"15":1,"16":1,"17":1,"18":1,"19":0,"20":0,"21":1,"22":0,"23":0,"24":0,"25":0,"26":0,"27":0,"28":0,"29":0,"30":0,"31":0,"32":0,"33":1,"34":1},"f":{"0":1,"1":1,"2":1,"3":0,"4":0,"5":0},"b":{"0":[0,0],"1":[0,0],"2":[0,0],"3":[0,0],"4":[0,0]}}
,"/Users/macbook/Projects/Web/example-api/src/controllers/AuthController.ts": {"path":"/Users/macbook/Projects/Web/example-api/src/controllers/AuthController.ts","statementMap":{"0":{"start":{"line":2,"column":0},"end":{"line":2,"column":33}},"1":{"start":{"line":3,"column":0},"end":{"line":3,"column":36}},"2":{"start":{"line":4,"column":0},"end":{"line":4,"column":32}},"3":{"start":{"line":5,"column":0},"end":{"line":5,"column":34}},"4":{"start":{"line":6,"column":0},"end":{"line":6,"column":51}},"5":{"start":{"line":7,"column":0},"end":{"line":7,"column":58}},"6":{"start":{"line":9,"column":0},"end":{"line":9,"column":60}},"7":{"start":{"line":13,"column":9},"end":{"line":16,"column":3}},"8":{"start":{"line":14,"column":4},"end":{"line":14,"column":44}},"9":{"start":{"line":15,"column":4},"end":{"line":15,"column":33}},"10":{"start":{"line":18,"column":9},"end":{"line":24,"column":3}},"11":{"start":{"line":19,"column":4},"end":{"line":23,"column":6}},"12":{"start":{"line":26,"column":9},"end":{"line":50,"column":3}},"13":{"start":{"line":30,"column":4},"end":{"line":49,"column":7}},"14":{"start":{"line":30,"column":74},"end":{"line":49,"column":5}},"15":{"start":{"line":31,"column":6},"end":{"line":31,"column":55}},"16":{"start":{"line":31,"column":15},"end":{"line":31,"column":55}},"17":{"start":{"line":32,"column":6},"end":{"line":48,"column":7}},"18":{"start":{"line":33,"column":38},"end":{"line":38,"column":9}},"19":{"start":{"line":39,"column":33},"end":{"line":43,"column":9}},"20":{"start":{"line":45,"column":8},"end":{"line":45,"column":39}},"21":{"start":{"line":47,"column":8},"end":{"line":47,"column":78}},"22":{"start":{"line":52,"column":9},"end":{"line":70,"column":3}},"23":{"start":{"line":52,"column":71},"end":{"line":70,"column":3}},"24":{"start":{"line":53,"column":4},"end":{"line":69,"column":5}},"25":{"start":{"line":54,"column":21},"end":{"line":54,"column":42}},"26":{"start":{"line":55,"column":6},"end":{"line":57,"column":7}},"27":{"start":{"line":56,"column":8},"end":{"line":56,"column":71}},"28":{"start":{"line":59,"column":19},"end":{"line":59,"column":55}},"29":{"start":{"line":60,"column":6},"end":{"line":60,"column":40}},"30":{"start":{"line":60,"column":17},"end":{"line":60,"column":40}},"31":{"start":{"line":62,"column":6},"end":{"line":66,"column":9}},"32":{"start":{"line":63,"column":8},"end":{"line":63,"column":55}},"33":{"start":{"line":63,"column":19},"end":{"line":63,"column":55}},"34":{"start":{"line":64,"column":8},"end":{"line":64,"column":43}},"35":{"start":{"line":64,"column":22},"end":{"line":64,"column":43}},"36":{"start":{"line":65,"column":8},"end":{"line":65,"column":50}},"37":{"start":{"line":68,"column":6},"end":{"line":68,"column":78}},"38":{"start":{"line":72,"column":10},"end":{"line":84,"column":3}},"39":{"start":{"line":73,"column":20},"end":{"line":73,"column":58}},"40":{"start":{"line":74,"column":18},"end":{"line":77,"column":30}},"41":{"start":{"line":79,"column":4},"end":{"line":83,"column":6}},"42":{"start":{"line":86,"column":10},"end":{"line":104,"column":3}},"43":{"start":{"line":87,"column":19},"end":{"line":91,"column":5}},"44":{"start":{"line":93,"column":4},"end":{"line":103,"column":7}},"45":{"start":{"line":93,"column":88},"end":{"line":103,"column":5}},"46":{"start":{"line":94,"column":6},"end":{"line":102,"column":7}},"47":{"start":{"line":95,"column":21},"end":{"line":95,"column":56}},"48":{"start":{"line":96,"column":8},"end":{"line":98,"column":9}},"49":{"start":{"line":97,"column":10},"end":{"line":97,"column":87}},"50":{"start":{"line":99,"column":8},"end":{"line":99,"column":62}},"51":{"start":{"line":101,"column":8},"end":{"line":101,"column":27}},"52":{"start":{"line":108,"column":0},"end":{"line":108,"column":36}}},"fnMap":{"0":{"name":"(anonymous_6)","decl":{"start":{"line":11,"column":0},"end":{"line":null,"column":-1}},"loc":{"start":{"line":11,"column":0},"end":{"line":106,"column":1}}},"1":{"name":"(anonymous_7)","decl":{"start":{"line":13,"column":22},"end":{"line":13,"column":24}},"loc":{"start":{"line":13,"column":27},"end":{"line":16,"column":3}}},"2":{"name":"(anonymous_8)","decl":{"start":{"line":18,"column":24},"end":{"line":18,"column":25}},"loc":{"start":{"line":18,"column":37},"end":{"line":24,"column":3}}},"3":{"name":"(anonymous_9)","decl":{"start":{"line":26,"column":18},"end":{"line":26,"column":19}},"loc":{"start":{"line":26,"column":66},"end":{"line":50,"column":3}}},"4":{"name":"(anonymous_10)","decl":{"start":{"line":30,"column":39},"end":{"line":30,"column":46}},"loc":{"start":{"line":30,"column":74},"end":{"line":49,"column":5}}},"5":{"name":"(anonymous_11)","decl":{"start":{"line":30,"column":74},"end":{"line":null,"column":-1}},"loc":{"start":{"line":30,"column":74},"end":{"line":49,"column":5}}},"6":{"name":"(anonymous_12)","decl":{"start":{"line":52,"column":17},"end":{"line":52,"column":24}},"loc":{"start":{"line":52,"column":71},"end":{"line":70,"column":3}}},"7":{"name":"(anonymous_13)","decl":{"start":{"line":52,"column":71},"end":{"line":null,"column":-1}},"loc":{"start":{"line":52,"column":71},"end":{"line":70,"column":3}}},"8":{"name":"(anonymous_14)","decl":{"start":{"line":62,"column":55},"end":{"line":62,"column":56}},"loc":{"start":{"line":62,"column":90},"end":{"line":66,"column":7}}},"9":{"name":"(anonymous_15)","decl":{"start":{"line":72,"column":21},"end":{"line":72,"column":22}},"loc":{"start":{"line":72,"column":52},"end":{"line":84,"column":3}}},"10":{"name":"(anonymous_16)","decl":{"start":{"line":86,"column":24},"end":{"line":86,"column":36}},"loc":{"start":{"line":86,"column":39},"end":{"line":104,"column":3}}},"11":{"name":"(anonymous_17)","decl":{"start":{"line":93,"column":32},"end":{"line":93,"column":39}},"loc":{"start":{"line":93,"column":88},"end":{"line":103,"column":5}}},"12":{"name":"(anonymous_18)","decl":{"start":{"line":93,"column":88},"end":{"line":null,"column":-1}},"loc":{"start":{"line":93,"column":88},"end":{"line":103,"column":5}}}},"branchMap":{"0":{"loc":{"start":{"line":31,"column":6},"end":{"line":31,"column":55}},"type":"if","locations":[{"start":{"line":31,"column":6},"end":{"line":31,"column":55}},{"start":{"line":31,"column":6},"end":{"line":31,"column":55}}]},"1":{"loc":{"start":{"line":55,"column":6},"end":{"line":57,"column":7}},"type":"if","locations":[{"start":{"line":55,"column":6},"end":{"line":57,"column":7}},{"start":{"line":55,"column":6},"end":{"line":57,"column":7}}]},"2":{"loc":{"start":{"line":60,"column":6},"end":{"line":60,"column":40}},"type":"if","locations":[{"start":{"line":60,"column":6},"end":{"line":60,"column":40}},{"start":{"line":60,"column":6},"end":{"line":60,"column":40}}]},"3":{"loc":{"start":{"line":63,"column":8},"end":{"line":63,"column":55}},"type":"if","locations":[{"start":{"line":63,"column":8},"end":{"line":63,"column":55}},{"start":{"line":63,"column":8},"end":{"line":63,"column":55}}]},"4":{"loc":{"start":{"line":64,"column":8},"end":{"line":64,"column":43}},"type":"if","locations":[{"start":{"line":64,"column":8},"end":{"line":64,"column":43}},{"start":{"line":64,"column":8},"end":{"line":64,"column":43}}]},"5":{"loc":{"start":{"line":96,"column":8},"end":{"line":98,"column":9}},"type":"if","locations":[{"start":{"line":96,"column":8},"end":{"line":98,"column":9}},{"start":{"line":96,"column":8},"end":{"line":98,"column":9}}]}},"s":{"0":1,"1":1,"2":1,"3":1,"4":1,"5":1,"6":1,"7":1,"8":1,"9":1,"10":1,"11":0,"12":1,"13":0,"14":0,"15":0,"16":0,"17":0,"18":0,"19":0,"20":0,"21":0,"22":1,"23":0,"24":0,"25":0,"26":0,"27":0,"28":0,"29":0,"30":0,"31":0,"32":0,"33":0,"34":0,"35":0,"36":0,"37":0,"38":1,"39":0,"40":0,"41":0,"42":1,"43":1,"44":1,"45":0,"46":0,"47":0,"48":0,"49":0,"50":0,"51":0,"52":1},"f":{"0":1,"1":1,"2":0,"3":0,"4":0,"5":0,"6":0,"7":0,"8":0,"9":0,"10":1,"11":0,"12":0},"b":{"0":[0,0],"1":[0,0],"2":[0,0],"3":[0,0],"4":[0,0],"5":[0,0]}}
,"/Users/macbook/Projects/Web/example-api/src/controllers/TestController.ts": {"path":"/Users/macbook/Projects/Web/example-api/src/controllers/TestController.ts","statementMap":{"0":{"start":{"line":2,"column":0},"end":{"line":2,"column":45}},"1":{"start":{"line":7,"column":4},"end":{"line":15,"column":55}},"2":{"start":{"line":8,"column":26},"end":{"line":14,"column":8}},"3":{"start":{"line":15,"column":25},"end":{"line":15,"column":53}},"4":{"start":{"line":20,"column":0},"end":{"line":20,"column":36}}},"fnMap":{"0":{"name":"(anonymous_0)","decl":{"start":{"line":6,"column":2},"end":{"line":6,"column":5}},"loc":{"start":{"line":6,"column":50},"end":{"line":16,"column":3}}},"1":{"name":"(anonymous_1)","decl":{"start":{"line":8,"column":12},"end":{"line":8,"column":13}},"loc":{"start":{"line":8,"column":26},"end":{"line":14,"column":8}}},"2":{"name":"(anonymous_2)","decl":{"start":{"line":15,"column":13},"end":{"line":15,"column":14}},"loc":{"start":{"line":15,"column":25},"end":{"line":15,"column":53}}}},"branchMap":{},"s":{"0":1,"1":0,"2":0,"3":0,"4":1},"f":{"0":0,"1":0,"2":0},"b":{}}
,"/Users/macbook/Projects/Web/example-api/src/database/config/database.ts": {"path":"/Users/macbook/Projects/Web/example-api/src/database/config/database.ts","statementMap":{"0":{"start":{"line":1,"column":15},"end":{"line":1,"column":32}},"1":{"start":{"line":3,"column":0},"end":{"line":3,"column":32}},"2":{"start":{"line":5,"column":0},"end":{"line":57,"column":2}}},"fnMap":{},"branchMap":{},"s":{"0":1,"1":1,"2":1},"f":{},"b":{}}
,"/Users/macbook/Projects/Web/example-api/src/database/models/index.ts": {"path":"/Users/macbook/Projects/Web/example-api/src/database/models/index.ts","statementMap":{"0":{"start":{"line":1,"column":0},"end":{"line":1,"column":24}},"1":{"start":{"line":2,"column":0},"end":{"line":2,"column":28}},"2":{"start":{"line":3,"column":0},"end":{"line":3,"column":32}},"3":{"start":{"line":6,"column":12},"end":{"line":6,"column":49}},"4":{"start":{"line":7,"column":15},"end":{"line":7,"column":62}},"5":{"start":{"line":12,"column":14},"end":{"line":12,"column":16}},"6":{"start":{"line":14,"column":33},"end":{"line":19,"column":1}},"7":{"start":{"line":21,"column":17},"end":{"line":21,"column":47}},"8":{"start":{"line":22,"column":0},"end":{"line":30,"column":5}},"9":{"start":{"line":25,"column":4},"end":{"line":25,"column":89}},"10":{"start":{"line":28,"column":18},"end":{"line":28,"column":65}},"11":{"start":{"line":29,"column":4},"end":{"line":29,"column":30}},"12":{"start":{"line":32,"column":0},"end":{"line":36,"column":3}},"13":{"start":{"line":33,"column":2},"end":{"line":35,"column":3}},"14":{"start":{"line":34,"column":4},"end":{"line":34,"column":31}},"15":{"start":{"line":38,"column":0},"end":{"line":38,"column":25}},"16":{"start":{"line":39,"column":0},"end":{"line":39,"column":19}},"17":{"start":{"line":41,"column":0},"end":{"line":41,"column":32}}},"fnMap":{"0":{"name":"(anonymous_0)","decl":{"start":{"line":24,"column":10},"end":{"line":24,"column":11}},"loc":{"start":{"line":24,"column":27},"end":{"line":26,"column":3}}},"1":{"name":"(anonymous_1)","decl":{"start":{"line":27,"column":11},"end":{"line":27,"column":12}},"loc":{"start":{"line":27,"column":28},"end":{"line":30,"column":3}}},"2":{"name":"(anonymous_2)","decl":{"start":{"line":32,"column":24},"end":{"line":32,"column":25}},"loc":{"start":{"line":32,"column":46},"end":{"line":36,"column":1}}}},"branchMap":{"0":{"loc":{"start":{"line":6,"column":12},"end":{"line":6,"column":32}},"type":"binary-expr","locations":[{"start":{"line":6,"column":12},"end":{"line":6,"column":32}},{"start":{"line":6,"column":36},"end":{"line":6,"column":49}}]},"1":{"loc":{"start":{"line":25,"column":12},"end":{"line":25,"column":35}},"type":"binary-expr","locations":[{"start":{"line":25,"column":12},"end":{"line":25,"column":35}},{"start":{"line":25,"column":41},"end":{"line":25,"column":58}},{"start":{"line":25,"column":64},"end":{"line":25,"column":88}}]},"2":{"loc":{"start":{"line":33,"column":2},"end":{"line":35,"column":3}},"type":"if","locations":[{"start":{"line":33,"column":2},"end":{"line":35,"column":3}},{"start":{"line":33,"column":2},"end":{"line":35,"column":3}}]}},"s":{"0":1,"1":1,"2":1,"3":1,"4":1,"5":1,"6":1,"7":1,"8":1,"9":2,"10":0,"11":0,"12":1,"13":0,"14":0,"15":1,"16":1,"17":1},"f":{"0":2,"1":0,"2":0},"b":{"0":[1,0],"1":[2,2,1],"2":[0,0]}}
,"/Users/macbook/Projects/Web/example-api/src/queries/user.ts": {"path":"/Users/macbook/Projects/Web/example-api/src/queries/user.ts","statementMap":{"0":{"start":{"line":2,"column":0},"end":{"line":2,"column":35}},"1":{"start":{"line":11,"column":2},"end":{"line":18,"column":29}},"2":{"start":{"line":17,"column":24},"end":{"line":17,"column":32}},"3":{"start":{"line":18,"column":22},"end":{"line":18,"column":27}},"4":{"start":{"line":5,"column":0},"end":{"line":19,"column":1}},"5":{"start":{"line":22,"column":2},"end":{"line":24,"column":29}},"6":{"start":{"line":23,"column":24},"end":{"line":23,"column":32}},"7":{"start":{"line":24,"column":22},"end":{"line":24,"column":27}},"8":{"start":{"line":21,"column":0},"end":{"line":25,"column":1}},"9":{"start":{"line":28,"column":2},"end":{"line":35,"column":29}},"10":{"start":{"line":34,"column":24},"end":{"line":34,"column":32}},"11":{"start":{"line":35,"column":22},"end":{"line":35,"column":27}},"12":{"start":{"line":27,"column":0},"end":{"line":36,"column":1}}},"fnMap":{"0":{"name":"createUser","decl":{"start":{"line":5,"column":0},"end":{"line":6,"column":1}},"loc":{"start":{"line":9,"column":18},"end":{"line":19,"column":1}}},"1":{"name":"(anonymous_1)","decl":{"start":{"line":17,"column":10},"end":{"line":17,"column":11}},"loc":{"start":{"line":17,"column":24},"end":{"line":17,"column":32}}},"2":{"name":"(anonymous_2)","decl":{"start":{"line":18,"column":11},"end":{"line":18,"column":12}},"loc":{"start":{"line":18,"column":22},"end":{"line":18,"column":27}}},"3":{"name":"getUserById","decl":{"start":{"line":21,"column":0},"end":{"line":21,"column":27}},"loc":{"start":{"line":21,"column":42},"end":{"line":25,"column":1}}},"4":{"name":"(anonymous_4)","decl":{"start":{"line":23,"column":10},"end":{"line":23,"column":11}},"loc":{"start":{"line":23,"column":24},"end":{"line":23,"column":32}}},"5":{"name":"(anonymous_5)","decl":{"start":{"line":24,"column":11},"end":{"line":24,"column":12}},"loc":{"start":{"line":24,"column":22},"end":{"line":24,"column":27}}},"6":{"name":"getUserByEmail","decl":{"start":{"line":27,"column":0},"end":{"line":27,"column":30}},"loc":{"start":{"line":27,"column":48},"end":{"line":36,"column":1}}},"7":{"name":"(anonymous_7)","decl":{"start":{"line":34,"column":10},"end":{"line":34,"column":11}},"loc":{"start":{"line":34,"column":24},"end":{"line":34,"column":32}}},"8":{"name":"(anonymous_8)","decl":{"start":{"line":35,"column":11},"end":{"line":35,"column":12}},"loc":{"start":{"line":35,"column":22},"end":{"line":35,"column":27}}}},"branchMap":{},"s":{"0":1,"1":0,"2":0,"3":0,"4":1,"5":0,"6":0,"7":0,"8":1,"9":0,"10":0,"11":0,"12":1},"f":{"0":0,"1":0,"2":0,"3":0,"4":0,"5":0,"6":0,"7":0,"8":0},"b":{}}
,"/Users/macbook/Projects/Web/example-api/src/routes/api.ts": {"path":"/Users/macbook/Projects/Web/example-api/src/routes/api.ts","statementMap":{"0":{"start":{"line":2,"column":0},"end":{"line":2,"column":47}},"1":{"start":{"line":3,"column":0},"end":{"line":3,"column":58}},"2":{"start":{"line":4,"column":0},"end":{"line":4,"column":58}},"3":{"start":{"line":6,"column":17},"end":{"line":6,"column":37}},"4":{"start":{"line":9,"column":2},"end":{"line":9,"column":51}},"5":{"start":{"line":11,"column":2},"end":{"line":20,"column":27}},"6":{"start":{"line":22,"column":2},"end":{"line":22,"column":56}},"7":{"start":{"line":8,"column":0},"end":{"line":23,"column":1}}},"fnMap":{"0":{"name":"initApi","decl":{"start":{"line":8,"column":0},"end":{"line":8,"column":31}},"loc":{"start":{"line":8,"column":48},"end":{"line":23,"column":1}}}},"branchMap":{},"s":{"0":1,"1":1,"2":1,"3":1,"4":1,"5":1,"6":1,"7":1},"f":{"0":1},"b":{}}
}
