TN:
SF:/Users/macbook/Projects/Web/example-api/src/index.ts
FN:17,(anonymous_0)
FN:31,normalizePort
FN:50,onError
FN:77,onListening
FNF:4
FNH:1
FNDA:0,(anonymous_0)
FNDA:1,normalizePort
FNDA:0,onError
FNDA:0,onListening
DA:1,1
DA:2,1
DA:3,1
DA:5,1
DA:8,1
DA:11,1
DA:12,1
DA:13,1
DA:14,1
DA:17,1
DA:18,0
DA:19,0
DA:23,1
DA:26,1
DA:32,1
DA:34,1
DA:36,0
DA:39,1
DA:41,1
DA:44,0
DA:51,0
DA:52,0
DA:55,0
DA:60,0
DA:62,0
DA:63,0
DA:64,0
DA:66,0
DA:67,0
DA:68,0
DA:70,0
DA:78,0
DA:79,0
DA:82,0
DA:85,1
LF:35
LH:17
BRDA:11,0,0,1
BRDA:11,0,1,0
BRDA:34,1,0,0
BRDA:34,1,1,1
BRDA:39,2,0,1
BRDA:39,2,1,0
BRDA:51,3,0,0
BRDA:51,3,1,0
BRDA:56,4,0,0
BRDA:56,4,1,0
BRDA:61,5,0,0
BRDA:61,5,1,0
BRDA:61,5,2,0
BRDA:80,6,0,0
BRDA:80,6,1,0
BRF:15
BRH:3
end_of_record
TN:
SF:/Users/macbook/Projects/Web/example-api/src/server.ts
FN:27,(anonymous_0)
FN:37,(anonymous_1)
FN:51,(anonymous_2)
FN:76,(anonymous_3)
FN:82,(anonymous_4)
FN:85,(anonymous_5)
FNF:6
FNH:3
FNDA:1,(anonymous_0)
FNDA:1,(anonymous_1)
FNDA:1,(anonymous_2)
FNDA:0,(anonymous_3)
FNDA:0,(anonymous_4)
FNDA:0,(anonymous_5)
DA:1,1
DA:2,1
DA:3,1
DA:4,1
DA:5,1
DA:6,1
DA:7,1
DA:8,1
DA:15,1
DA:28,1
DA:39,1
DA:42,1
DA:53,1
DA:56,1
DA:59,1
DA:64,1
DA:67,1
DA:70,1
DA:73,1
DA:76,1
DA:77,0
DA:78,0
DA:82,1
DA:83,0
DA:85,0
DA:86,0
DA:87,0
DA:88,0
DA:89,0
DA:91,0
DA:94,0
DA:95,0
DA:100,1
LF:33
LH:22
BRDA:83,0,0,0
BRDA:83,0,1,0
BRDA:83,1,0,0
BRDA:83,1,1,0
BRDA:86,2,0,0
BRDA:86,2,1,0
BRDA:87,3,0,0
BRDA:87,3,1,0
BRDA:88,4,0,0
BRDA:88,4,1,0
BRF:10
BRH:0
end_of_record
TN:
SF:/Users/macbook/Projects/Web/example-api/src/controllers/AuthController.ts
FN:11,(anonymous_6)
FN:13,(anonymous_7)
FN:18,(anonymous_8)
FN:26,(anonymous_9)
FN:30,(anonymous_10)
FN:30,(anonymous_11)
FN:52,(anonymous_12)
FN:52,(anonymous_13)
FN:62,(anonymous_14)
FN:72,(anonymous_15)
FN:86,(anonymous_16)
FN:93,(anonymous_17)
FN:93,(anonymous_18)
FNF:13
FNH:3
FNDA:1,(anonymous_6)
FNDA:1,(anonymous_7)
FNDA:0,(anonymous_8)
FNDA:0,(anonymous_9)
FNDA:0,(anonymous_10)
FNDA:0,(anonymous_11)
FNDA:0,(anonymous_12)
FNDA:0,(anonymous_13)
FNDA:0,(anonymous_14)
FNDA:0,(anonymous_15)
FNDA:1,(anonymous_16)
FNDA:0,(anonymous_17)
FNDA:0,(anonymous_18)
DA:2,1
DA:3,1
DA:4,1
DA:5,1
DA:6,1
DA:7,1
DA:9,1
DA:13,1
DA:14,1
DA:15,1
DA:18,1
DA:19,0
DA:26,1
DA:30,0
DA:31,0
DA:32,0
DA:33,0
DA:39,0
DA:45,0
DA:47,0
DA:52,1
DA:53,0
DA:54,0
DA:55,0
DA:56,0
DA:59,0
DA:60,0
DA:62,0
DA:63,0
DA:64,0
DA:65,0
DA:68,0
DA:72,1
DA:73,0
DA:74,0
DA:79,0
DA:86,1
DA:87,1
DA:93,1
DA:94,0
DA:95,0
DA:96,0
DA:97,0
DA:99,0
DA:101,0
DA:108,1
LF:46
LH:18
BRDA:31,0,0,0
BRDA:31,0,1,0
BRDA:55,1,0,0
BRDA:55,1,1,0
BRDA:60,2,0,0
BRDA:60,2,1,0
BRDA:63,3,0,0
BRDA:63,3,1,0
BRDA:64,4,0,0
BRDA:64,4,1,0
BRDA:96,5,0,0
BRDA:96,5,1,0
BRF:12
BRH:0
end_of_record
TN:
SF:/Users/macbook/Projects/Web/example-api/src/controllers/TestController.ts
FN:6,(anonymous_0)
FN:8,(anonymous_1)
FN:15,(anonymous_2)
FNF:3
FNH:0
FNDA:0,(anonymous_0)
FNDA:0,(anonymous_1)
FNDA:0,(anonymous_2)
DA:2,1
DA:7,0
DA:8,0
DA:15,0
DA:20,1
LF:5
LH:2
BRF:0
BRH:0
end_of_record
TN:
SF:/Users/macbook/Projects/Web/example-api/src/database/config/database.ts
FNF:0
FNH:0
DA:1,1
DA:3,1
DA:5,1
LF:3
LH:3
BRF:0
BRH:0
end_of_record
TN:
SF:/Users/macbook/Projects/Web/example-api/src/database/models/index.ts
FN:24,(anonymous_0)
FN:27,(anonymous_1)
FN:32,(anonymous_2)
FNF:3
FNH:1
FNDA:2,(anonymous_0)
FNDA:0,(anonymous_1)
FNDA:0,(anonymous_2)
DA:1,1
DA:2,1
DA:3,1
DA:6,1
DA:7,1
DA:12,1
DA:14,1
DA:21,1
DA:22,1
DA:25,2
DA:28,0
DA:29,0
DA:32,1
DA:33,0
DA:34,0
DA:38,1
DA:39,1
DA:41,1
LF:18
LH:14
BRDA:6,0,0,1
BRDA:6,0,1,0
BRDA:25,1,0,2
BRDA:25,1,1,2
BRDA:25,1,2,1
BRDA:33,2,0,0
BRDA:33,2,1,0
BRF:7
BRH:4
end_of_record
TN:
SF:/Users/macbook/Projects/Web/example-api/src/queries/user.ts
FN:5,createUser
FN:17,(anonymous_1)
FN:18,(anonymous_2)
FN:21,getUserById
FN:23,(anonymous_4)
FN:24,(anonymous_5)
FN:27,getUserByEmail
FN:34,(anonymous_7)
FN:35,(anonymous_8)
FNF:9
FNH:0
FNDA:0,createUser
FNDA:0,(anonymous_1)
FNDA:0,(anonymous_2)
FNDA:0,getUserById
FNDA:0,(anonymous_4)
FNDA:0,(anonymous_5)
FNDA:0,getUserByEmail
FNDA:0,(anonymous_7)
FNDA:0,(anonymous_8)
DA:2,1
DA:5,1
DA:11,0
DA:17,0
DA:18,0
DA:21,1
DA:22,0
DA:23,0
DA:24,0
DA:27,1
DA:28,0
DA:34,0
DA:35,0
LF:13
LH:4
BRF:0
BRH:0
end_of_record
TN:
SF:/Users/macbook/Projects/Web/example-api/src/routes/api.ts
FN:8,initApi
FNF:1
FNH:1
FNDA:1,initApi
DA:2,1
DA:3,1
DA:4,1
DA:6,1
DA:8,1
DA:9,1
DA:11,1
DA:22,1
LF:8
LH:8
BRF:0
BRH:0
end_of_record
